Started GET "/" for ::1 at 2016-02-27 12:05:13 -0800
Processing by Rails::WelcomeController#index as HTML
  Parameters: {"internal"=>true}
  Rendered /Users/Joey/.rvm/gems/ruby-2.3.0@rails5.0/gems/railties-5.0.0.beta3/lib/rails/templates/rails/welcome/index.html.erb (4.5ms)
Completed 200 OK in 18ms (Views: 8.6ms | ActiveRecord: 0.0ms)


  [1m[35m (2.0ms)[0m  [1m[35mCREATE TABLE "schema_migrations" ("version" varchar PRIMARY KEY) [0m
  [1m[35m (0.9ms)[0m  [1m[35mCREATE TABLE "ar_internal_metadata" ("key" varchar PRIMARY KEY, "value" varchar, "created_at" datetime NOT NULL, "updated_at" datetime NOT NULL) [0m
  [1m[36mActiveRecord::SchemaMigration Load (0.2ms)[0m  [1m[34mSELECT "schema_migrations".* FROM "schema_migrations"[0m
Migrating to CreateProducts (20160227204005)
  [1m[35m (0.1ms)[0m  [1m[36mbegin transaction[0m
  [1m[35m (0.3ms)[0m  [1m[35mCREATE TABLE "products" ("id" INTEGER PRIMARY KEY AUTOINCREMENT NOT NULL, "name" varchar, "description" varchar, "price" float, "in_stock" integer, "skew" varchar, "created_at" datetime NOT NULL, "updated_at" datetime NOT NULL) [0m
  [1m[35mSQL (0.1ms)[0m  [1m[32mINSERT INTO "schema_migrations" ("version") VALUES (?)[0m  [["version", "20160227204005"]]
  [1m[35m (1.0ms)[0m  [1m[36mcommit transaction[0m
  [1m[36mActiveRecord::InternalMetadata Load (0.1ms)[0m  [1m[34mSELECT  "ar_internal_metadata".* FROM "ar_internal_metadata" ORDER BY "ar_internal_metadata"."key" ASC LIMIT ?[0m  [["LIMIT", 1]]
  [1m[35m (0.0ms)[0m  [1m[36mbegin transaction[0m
  [1m[35mSQL (0.3ms)[0m  [1m[32mINSERT INTO "ar_internal_metadata" ("key", "value", "created_at", "updated_at") VALUES (?, ?, ?, ?)[0m  [["key", "environment"], ["value", "development"], ["created_at", 2016-02-27 20:44:43 UTC], ["updated_at", 2016-02-27 20:44:43 UTC]]
  [1m[35m (0.6ms)[0m  [1m[36mcommit transaction[0m
  [1m[36mActiveRecord::SchemaMigration Load (0.1ms)[0m  [1m[34mSELECT "schema_migrations".* FROM "schema_migrations"[0m
Started GET "/" for ::1 at 2016-02-27 19:31:50 -0800
  [1m[36mActiveRecord::SchemaMigration Load (0.2ms)[0m  [1m[34mSELECT "schema_migrations".* FROM "schema_migrations"[0m
Processing by Rails::WelcomeController#index as HTML
  Parameters: {"internal"=>true}
  Rendered /Users/Joey/.rvm/gems/ruby-2.3.0@rails5.0/gems/railties-5.0.0.beta3/lib/rails/templates/rails/welcome/index.html.erb (5.7ms)
Completed 200 OK in 29ms (Views: 13.4ms | ActiveRecord: 0.0ms)


Started GET "/" for ::1 at 2016-02-27 19:31:52 -0800
Processing by Rails::WelcomeController#index as HTML
  Parameters: {"internal"=>true}
  Rendered /Users/Joey/.rvm/gems/ruby-2.3.0@rails5.0/gems/railties-5.0.0.beta3/lib/rails/templates/rails/welcome/index.html.erb (3.6ms)
Completed 200 OK in 9ms (Views: 6.8ms | ActiveRecord: 0.0ms)


Started GET "/product" for ::1 at 2016-02-27 19:31:56 -0800
  
ActionController::RoutingError (No route matches [GET] "/product"):
  
actionpack (5.0.0.beta3) lib/action_dispatch/middleware/debug_exceptions.rb:53:in `call'
web-console (3.1.1) lib/web_console/middleware.rb:131:in `call_app'
web-console (3.1.1) lib/web_console/middleware.rb:28:in `block in call'
web-console (3.1.1) lib/web_console/middleware.rb:18:in `catch'
web-console (3.1.1) lib/web_console/middleware.rb:18:in `call'
actionpack (5.0.0.beta3) lib/action_dispatch/middleware/show_exceptions.rb:31:in `call'
railties (5.0.0.beta3) lib/rails/rack/logger.rb:36:in `call_app'
railties (5.0.0.beta3) lib/rails/rack/logger.rb:24:in `block in call'
activesupport (5.0.0.beta3) lib/active_support/tagged_logging.rb:70:in `block in tagged'
activesupport (5.0.0.beta3) lib/active_support/tagged_logging.rb:26:in `tagged'
activesupport (5.0.0.beta3) lib/active_support/tagged_logging.rb:70:in `tagged'
railties (5.0.0.beta3) lib/rails/rack/logger.rb:24:in `call'
actionpack (5.0.0.beta3) lib/action_dispatch/middleware/request_id.rb:24:in `call'
rack (2.0.0.alpha) lib/rack/method_override.rb:22:in `call'
rack (2.0.0.alpha) lib/rack/runtime.rb:22:in `call'
activesupport (5.0.0.beta3) lib/active_support/cache/strategy/local_cache_middleware.rb:28:in `call'
actionpack (5.0.0.beta3) lib/action_dispatch/middleware/load_interlock.rb:13:in `call'
actionpack (5.0.0.beta3) lib/action_dispatch/middleware/static.rb:136:in `call'
rack (2.0.0.alpha) lib/rack/sendfile.rb:111:in `call'
railties (5.0.0.beta3) lib/rails/engine.rb:522:in `call'
puma (3.0.2) lib/puma/configuration.rb:221:in `call'
puma (3.0.2) lib/puma/server.rb:561:in `handle_request'
puma (3.0.2) lib/puma/server.rb:406:in `process_client'
puma (3.0.2) lib/puma/server.rb:271:in `block in run'
puma (3.0.2) lib/puma/thread_pool.rb:111:in `block in spawn_thread'
  Rendered /Users/Joey/.rvm/gems/ruby-2.3.0@rails5.0/gems/actionpack-5.0.0.beta3/lib/action_dispatch/middleware/templates/rescues/_trace.html.erb (3.2ms)
  Rendered /Users/Joey/.rvm/gems/ruby-2.3.0@rails5.0/gems/actionpack-5.0.0.beta3/lib/action_dispatch/middleware/templates/routes/_table.html.erb (23.7ms)
  Rendered /Users/Joey/.rvm/gems/ruby-2.3.0@rails5.0/gems/actionpack-5.0.0.beta3/lib/action_dispatch/middleware/templates/rescues/_request_and_response.html.erb (2.6ms)
  Rendered /Users/Joey/.rvm/gems/ruby-2.3.0@rails5.0/gems/actionpack-5.0.0.beta3/lib/action_dispatch/middleware/templates/rescues/routing_error.html.erb within rescues/layout (242.9ms)
  Rendered /Users/Joey/.rvm/gems/ruby-2.3.0@rails5.0/gems/web-console-3.1.1/lib/web_console/templates/_markup.html.erb (1.4ms)
  Rendered /Users/Joey/.rvm/gems/ruby-2.3.0@rails5.0/gems/web-console-3.1.1/lib/web_console/templates/_inner_console_markup.html.erb within layouts/inlined_string (0.9ms)
  Rendered /Users/Joey/.rvm/gems/ruby-2.3.0@rails5.0/gems/web-console-3.1.1/lib/web_console/templates/_prompt_box_markup.html.erb within layouts/inlined_string (1.0ms)
  Rendered /Users/Joey/.rvm/gems/ruby-2.3.0@rails5.0/gems/web-console-3.1.1/lib/web_console/templates/style.css.erb within layouts/inlined_string (1.1ms)
  Rendered /Users/Joey/.rvm/gems/ruby-2.3.0@rails5.0/gems/web-console-3.1.1/lib/web_console/templates/console.js.erb within layouts/javascript (220.7ms)
  Rendered /Users/Joey/.rvm/gems/ruby-2.3.0@rails5.0/gems/web-console-3.1.1/lib/web_console/templates/main.js.erb within layouts/javascript (0.8ms)
  Rendered /Users/Joey/.rvm/gems/ruby-2.3.0@rails5.0/gems/web-console-3.1.1/lib/web_console/templates/index.html.erb (412.3ms)
Started GET "/products" for ::1 at 2016-02-27 19:32:02 -0800
  
ActionController::RoutingError (No route matches [GET] "/products"):
  
actionpack (5.0.0.beta3) lib/action_dispatch/middleware/debug_exceptions.rb:53:in `call'
web-console (3.1.1) lib/web_console/middleware.rb:131:in `call_app'
web-console (3.1.1) lib/web_console/middleware.rb:28:in `block in call'
web-console (3.1.1) lib/web_console/middleware.rb:18:in `catch'
web-console (3.1.1) lib/web_console/middleware.rb:18:in `call'
actionpack (5.0.0.beta3) lib/action_dispatch/middleware/show_exceptions.rb:31:in `call'
railties (5.0.0.beta3) lib/rails/rack/logger.rb:36:in `call_app'
railties (5.0.0.beta3) lib/rails/rack/logger.rb:24:in `block in call'
activesupport (5.0.0.beta3) lib/active_support/tagged_logging.rb:70:in `block in tagged'
activesupport (5.0.0.beta3) lib/active_support/tagged_logging.rb:26:in `tagged'
activesupport (5.0.0.beta3) lib/active_support/tagged_logging.rb:70:in `tagged'
railties (5.0.0.beta3) lib/rails/rack/logger.rb:24:in `call'
actionpack (5.0.0.beta3) lib/action_dispatch/middleware/request_id.rb:24:in `call'
rack (2.0.0.alpha) lib/rack/method_override.rb:22:in `call'
rack (2.0.0.alpha) lib/rack/runtime.rb:22:in `call'
activesupport (5.0.0.beta3) lib/active_support/cache/strategy/local_cache_middleware.rb:28:in `call'
actionpack (5.0.0.beta3) lib/action_dispatch/middleware/load_interlock.rb:13:in `call'
actionpack (5.0.0.beta3) lib/action_dispatch/middleware/static.rb:136:in `call'
rack (2.0.0.alpha) lib/rack/sendfile.rb:111:in `call'
railties (5.0.0.beta3) lib/rails/engine.rb:522:in `call'
puma (3.0.2) lib/puma/configuration.rb:221:in `call'
puma (3.0.2) lib/puma/server.rb:561:in `handle_request'
puma (3.0.2) lib/puma/server.rb:406:in `process_client'
puma (3.0.2) lib/puma/server.rb:271:in `block in run'
puma (3.0.2) lib/puma/thread_pool.rb:111:in `block in spawn_thread'
  Rendered /Users/Joey/.rvm/gems/ruby-2.3.0@rails5.0/gems/actionpack-5.0.0.beta3/lib/action_dispatch/middleware/templates/rescues/_trace.html.erb (3.4ms)
  Rendered /Users/Joey/.rvm/gems/ruby-2.3.0@rails5.0/gems/actionpack-5.0.0.beta3/lib/action_dispatch/middleware/templates/routes/_table.html.erb (3.3ms)
  Rendered /Users/Joey/.rvm/gems/ruby-2.3.0@rails5.0/gems/actionpack-5.0.0.beta3/lib/action_dispatch/middleware/templates/rescues/_request_and_response.html.erb (2.6ms)
  Rendered /Users/Joey/.rvm/gems/ruby-2.3.0@rails5.0/gems/actionpack-5.0.0.beta3/lib/action_dispatch/middleware/templates/rescues/routing_error.html.erb within rescues/layout (205.3ms)
  Rendered /Users/Joey/.rvm/gems/ruby-2.3.0@rails5.0/gems/web-console-3.1.1/lib/web_console/templates/_markup.html.erb (1.1ms)
  Rendered /Users/Joey/.rvm/gems/ruby-2.3.0@rails5.0/gems/web-console-3.1.1/lib/web_console/templates/_inner_console_markup.html.erb within layouts/inlined_string (1.0ms)
  Rendered /Users/Joey/.rvm/gems/ruby-2.3.0@rails5.0/gems/web-console-3.1.1/lib/web_console/templates/_prompt_box_markup.html.erb within layouts/inlined_string (0.9ms)
  Rendered /Users/Joey/.rvm/gems/ruby-2.3.0@rails5.0/gems/web-console-3.1.1/lib/web_console/templates/style.css.erb within layouts/inlined_string (1.2ms)
  Rendered /Users/Joey/.rvm/gems/ruby-2.3.0@rails5.0/gems/web-console-3.1.1/lib/web_console/templates/console.js.erb within layouts/javascript (190.6ms)
  Rendered /Users/Joey/.rvm/gems/ruby-2.3.0@rails5.0/gems/web-console-3.1.1/lib/web_console/templates/main.js.erb within layouts/javascript (0.8ms)
  Rendered /Users/Joey/.rvm/gems/ruby-2.3.0@rails5.0/gems/web-console-3.1.1/lib/web_console/templates/index.html.erb (368.7ms)
Started GET "/product" for ::1 at 2016-02-27 19:32:06 -0800
  
ActionController::RoutingError (No route matches [GET] "/product"):
  
actionpack (5.0.0.beta3) lib/action_dispatch/middleware/debug_exceptions.rb:53:in `call'
web-console (3.1.1) lib/web_console/middleware.rb:131:in `call_app'
web-console (3.1.1) lib/web_console/middleware.rb:28:in `block in call'
web-console (3.1.1) lib/web_console/middleware.rb:18:in `catch'
web-console (3.1.1) lib/web_console/middleware.rb:18:in `call'
actionpack (5.0.0.beta3) lib/action_dispatch/middleware/show_exceptions.rb:31:in `call'
railties (5.0.0.beta3) lib/rails/rack/logger.rb:36:in `call_app'
railties (5.0.0.beta3) lib/rails/rack/logger.rb:24:in `block in call'
activesupport (5.0.0.beta3) lib/active_support/tagged_logging.rb:70:in `block in tagged'
activesupport (5.0.0.beta3) lib/active_support/tagged_logging.rb:26:in `tagged'
activesupport (5.0.0.beta3) lib/active_support/tagged_logging.rb:70:in `tagged'
railties (5.0.0.beta3) lib/rails/rack/logger.rb:24:in `call'
actionpack (5.0.0.beta3) lib/action_dispatch/middleware/request_id.rb:24:in `call'
rack (2.0.0.alpha) lib/rack/method_override.rb:22:in `call'
rack (2.0.0.alpha) lib/rack/runtime.rb:22:in `call'
activesupport (5.0.0.beta3) lib/active_support/cache/strategy/local_cache_middleware.rb:28:in `call'
actionpack (5.0.0.beta3) lib/action_dispatch/middleware/load_interlock.rb:13:in `call'
actionpack (5.0.0.beta3) lib/action_dispatch/middleware/static.rb:136:in `call'
rack (2.0.0.alpha) lib/rack/sendfile.rb:111:in `call'
railties (5.0.0.beta3) lib/rails/engine.rb:522:in `call'
puma (3.0.2) lib/puma/configuration.rb:221:in `call'
puma (3.0.2) lib/puma/server.rb:561:in `handle_request'
puma (3.0.2) lib/puma/server.rb:406:in `process_client'
puma (3.0.2) lib/puma/server.rb:271:in `block in run'
puma (3.0.2) lib/puma/thread_pool.rb:111:in `block in spawn_thread'
  Rendered /Users/Joey/.rvm/gems/ruby-2.3.0@rails5.0/gems/actionpack-5.0.0.beta3/lib/action_dispatch/middleware/templates/rescues/_trace.html.erb (3.2ms)
  Rendered /Users/Joey/.rvm/gems/ruby-2.3.0@rails5.0/gems/actionpack-5.0.0.beta3/lib/action_dispatch/middleware/templates/routes/_table.html.erb (3.6ms)
  Rendered /Users/Joey/.rvm/gems/ruby-2.3.0@rails5.0/gems/actionpack-5.0.0.beta3/lib/action_dispatch/middleware/templates/rescues/_request_and_response.html.erb (2.2ms)
  Rendered /Users/Joey/.rvm/gems/ruby-2.3.0@rails5.0/gems/actionpack-5.0.0.beta3/lib/action_dispatch/middleware/templates/rescues/routing_error.html.erb within rescues/layout (203.5ms)
  Rendered /Users/Joey/.rvm/gems/ruby-2.3.0@rails5.0/gems/web-console-3.1.1/lib/web_console/templates/_markup.html.erb (1.1ms)
  Rendered /Users/Joey/.rvm/gems/ruby-2.3.0@rails5.0/gems/web-console-3.1.1/lib/web_console/templates/_inner_console_markup.html.erb within layouts/inlined_string (0.9ms)
  Rendered /Users/Joey/.rvm/gems/ruby-2.3.0@rails5.0/gems/web-console-3.1.1/lib/web_console/templates/_prompt_box_markup.html.erb within layouts/inlined_string (0.9ms)
  Rendered /Users/Joey/.rvm/gems/ruby-2.3.0@rails5.0/gems/web-console-3.1.1/lib/web_console/templates/style.css.erb within layouts/inlined_string (1.2ms)
  Rendered /Users/Joey/.rvm/gems/ruby-2.3.0@rails5.0/gems/web-console-3.1.1/lib/web_console/templates/console.js.erb within layouts/javascript (190.7ms)
  Rendered /Users/Joey/.rvm/gems/ruby-2.3.0@rails5.0/gems/web-console-3.1.1/lib/web_console/templates/main.js.erb within layouts/javascript (0.8ms)
  Rendered /Users/Joey/.rvm/gems/ruby-2.3.0@rails5.0/gems/web-console-3.1.1/lib/web_console/templates/index.html.erb (371.4ms)
Started PUT "/__web_console/repl_sessions/21a75fecdf610b808fc577642790c4f4" for ::1 at 2016-02-27 19:33:03 -0800
Started GET "/product" for ::1 at 2016-02-27 19:37:11 -0800
  [1m[36mActiveRecord::SchemaMigration Load (0.4ms)[0m  [1m[34mSELECT "schema_migrations".* FROM "schema_migrations"[0m
  
ActionController::RoutingError (No route matches [GET] "/product"):
  
actionpack (5.0.0.beta3) lib/action_dispatch/middleware/debug_exceptions.rb:53:in `call'
web-console (3.1.1) lib/web_console/middleware.rb:131:in `call_app'
web-console (3.1.1) lib/web_console/middleware.rb:28:in `block in call'
web-console (3.1.1) lib/web_console/middleware.rb:18:in `catch'
web-console (3.1.1) lib/web_console/middleware.rb:18:in `call'
actionpack (5.0.0.beta3) lib/action_dispatch/middleware/show_exceptions.rb:31:in `call'
railties (5.0.0.beta3) lib/rails/rack/logger.rb:36:in `call_app'
railties (5.0.0.beta3) lib/rails/rack/logger.rb:24:in `block in call'
activesupport (5.0.0.beta3) lib/active_support/tagged_logging.rb:70:in `block in tagged'
activesupport (5.0.0.beta3) lib/active_support/tagged_logging.rb:26:in `tagged'
activesupport (5.0.0.beta3) lib/active_support/tagged_logging.rb:70:in `tagged'
railties (5.0.0.beta3) lib/rails/rack/logger.rb:24:in `call'
actionpack (5.0.0.beta3) lib/action_dispatch/middleware/request_id.rb:24:in `call'
rack (2.0.0.alpha) lib/rack/method_override.rb:22:in `call'
rack (2.0.0.alpha) lib/rack/runtime.rb:22:in `call'
activesupport (5.0.0.beta3) lib/active_support/cache/strategy/local_cache_middleware.rb:28:in `call'
actionpack (5.0.0.beta3) lib/action_dispatch/middleware/load_interlock.rb:13:in `call'
actionpack (5.0.0.beta3) lib/action_dispatch/middleware/static.rb:136:in `call'
rack (2.0.0.alpha) lib/rack/sendfile.rb:111:in `call'
railties (5.0.0.beta3) lib/rails/engine.rb:522:in `call'
puma (3.0.2) lib/puma/configuration.rb:221:in `call'
puma (3.0.2) lib/puma/server.rb:561:in `handle_request'
puma (3.0.2) lib/puma/server.rb:406:in `process_client'
puma (3.0.2) lib/puma/server.rb:271:in `block in run'
puma (3.0.2) lib/puma/thread_pool.rb:111:in `block in spawn_thread'
  Rendered /Users/Joey/.rvm/gems/ruby-2.3.0@rails5.0/gems/actionpack-5.0.0.beta3/lib/action_dispatch/middleware/templates/rescues/_trace.html.erb (3.3ms)
  Rendered /Users/Joey/.rvm/gems/ruby-2.3.0@rails5.0/gems/actionpack-5.0.0.beta3/lib/action_dispatch/middleware/templates/routes/_table.html.erb (23.1ms)
  Rendered /Users/Joey/.rvm/gems/ruby-2.3.0@rails5.0/gems/actionpack-5.0.0.beta3/lib/action_dispatch/middleware/templates/rescues/_request_and_response.html.erb (33.2ms)
  Rendered /Users/Joey/.rvm/gems/ruby-2.3.0@rails5.0/gems/actionpack-5.0.0.beta3/lib/action_dispatch/middleware/templates/rescues/routing_error.html.erb within rescues/layout (269.1ms)
  Rendered /Users/Joey/.rvm/gems/ruby-2.3.0@rails5.0/gems/web-console-3.1.1/lib/web_console/templates/_markup.html.erb (1.1ms)
  Rendered /Users/Joey/.rvm/gems/ruby-2.3.0@rails5.0/gems/web-console-3.1.1/lib/web_console/templates/_inner_console_markup.html.erb within layouts/inlined_string (1.0ms)
  Rendered /Users/Joey/.rvm/gems/ruby-2.3.0@rails5.0/gems/web-console-3.1.1/lib/web_console/templates/_prompt_box_markup.html.erb within layouts/inlined_string (1.0ms)
  Rendered /Users/Joey/.rvm/gems/ruby-2.3.0@rails5.0/gems/web-console-3.1.1/lib/web_console/templates/style.css.erb within layouts/inlined_string (1.4ms)
  Rendered /Users/Joey/.rvm/gems/ruby-2.3.0@rails5.0/gems/web-console-3.1.1/lib/web_console/templates/console.js.erb within layouts/javascript (192.2ms)
  Rendered /Users/Joey/.rvm/gems/ruby-2.3.0@rails5.0/gems/web-console-3.1.1/lib/web_console/templates/main.js.erb within layouts/javascript (1.2ms)
  Rendered /Users/Joey/.rvm/gems/ruby-2.3.0@rails5.0/gems/web-console-3.1.1/lib/web_console/templates/index.html.erb (364.4ms)
Started GET "/" for ::1 at 2016-02-27 19:37:16 -0800
Processing by Rails::WelcomeController#index as HTML
  Parameters: {"internal"=>true}
  Rendered /Users/Joey/.rvm/gems/ruby-2.3.0@rails5.0/gems/railties-5.0.0.beta3/lib/rails/templates/rails/welcome/index.html.erb (34.4ms)
Completed 200 OK in 54ms (Views: 47.4ms | ActiveRecord: 0.0ms)


Started GET "/Product" for ::1 at 2016-02-27 19:37:22 -0800
  
ActionController::RoutingError (No route matches [GET] "/Product"):
  
actionpack (5.0.0.beta3) lib/action_dispatch/middleware/debug_exceptions.rb:53:in `call'
web-console (3.1.1) lib/web_console/middleware.rb:131:in `call_app'
web-console (3.1.1) lib/web_console/middleware.rb:28:in `block in call'
web-console (3.1.1) lib/web_console/middleware.rb:18:in `catch'
web-console (3.1.1) lib/web_console/middleware.rb:18:in `call'
actionpack (5.0.0.beta3) lib/action_dispatch/middleware/show_exceptions.rb:31:in `call'
railties (5.0.0.beta3) lib/rails/rack/logger.rb:36:in `call_app'
railties (5.0.0.beta3) lib/rails/rack/logger.rb:24:in `block in call'
activesupport (5.0.0.beta3) lib/active_support/tagged_logging.rb:70:in `block in tagged'
activesupport (5.0.0.beta3) lib/active_support/tagged_logging.rb:26:in `tagged'
activesupport (5.0.0.beta3) lib/active_support/tagged_logging.rb:70:in `tagged'
railties (5.0.0.beta3) lib/rails/rack/logger.rb:24:in `call'
actionpack (5.0.0.beta3) lib/action_dispatch/middleware/request_id.rb:24:in `call'
rack (2.0.0.alpha) lib/rack/method_override.rb:22:in `call'
rack (2.0.0.alpha) lib/rack/runtime.rb:22:in `call'
activesupport (5.0.0.beta3) lib/active_support/cache/strategy/local_cache_middleware.rb:28:in `call'
actionpack (5.0.0.beta3) lib/action_dispatch/middleware/load_interlock.rb:13:in `call'
actionpack (5.0.0.beta3) lib/action_dispatch/middleware/static.rb:136:in `call'
rack (2.0.0.alpha) lib/rack/sendfile.rb:111:in `call'
railties (5.0.0.beta3) lib/rails/engine.rb:522:in `call'
puma (3.0.2) lib/puma/configuration.rb:221:in `call'
puma (3.0.2) lib/puma/server.rb:561:in `handle_request'
puma (3.0.2) lib/puma/server.rb:406:in `process_client'
puma (3.0.2) lib/puma/server.rb:271:in `block in run'
puma (3.0.2) lib/puma/thread_pool.rb:111:in `block in spawn_thread'
  Rendered /Users/Joey/.rvm/gems/ruby-2.3.0@rails5.0/gems/actionpack-5.0.0.beta3/lib/action_dispatch/middleware/templates/rescues/_trace.html.erb (3.1ms)
  Rendered /Users/Joey/.rvm/gems/ruby-2.3.0@rails5.0/gems/actionpack-5.0.0.beta3/lib/action_dispatch/middleware/templates/routes/_table.html.erb (3.3ms)
  Rendered /Users/Joey/.rvm/gems/ruby-2.3.0@rails5.0/gems/actionpack-5.0.0.beta3/lib/action_dispatch/middleware/templates/rescues/_request_and_response.html.erb (2.5ms)
  Rendered /Users/Joey/.rvm/gems/ruby-2.3.0@rails5.0/gems/actionpack-5.0.0.beta3/lib/action_dispatch/middleware/templates/rescues/routing_error.html.erb within rescues/layout (200.6ms)
  Rendered /Users/Joey/.rvm/gems/ruby-2.3.0@rails5.0/gems/web-console-3.1.1/lib/web_console/templates/_markup.html.erb (1.0ms)
  Rendered /Users/Joey/.rvm/gems/ruby-2.3.0@rails5.0/gems/web-console-3.1.1/lib/web_console/templates/_inner_console_markup.html.erb within layouts/inlined_string (1.0ms)
  Rendered /Users/Joey/.rvm/gems/ruby-2.3.0@rails5.0/gems/web-console-3.1.1/lib/web_console/templates/_prompt_box_markup.html.erb within layouts/inlined_string (1.0ms)
  Rendered /Users/Joey/.rvm/gems/ruby-2.3.0@rails5.0/gems/web-console-3.1.1/lib/web_console/templates/style.css.erb within layouts/inlined_string (1.0ms)
  Rendered /Users/Joey/.rvm/gems/ruby-2.3.0@rails5.0/gems/web-console-3.1.1/lib/web_console/templates/console.js.erb within layouts/javascript (195.1ms)
  Rendered /Users/Joey/.rvm/gems/ruby-2.3.0@rails5.0/gems/web-console-3.1.1/lib/web_console/templates/main.js.erb within layouts/javascript (0.8ms)
  Rendered /Users/Joey/.rvm/gems/ruby-2.3.0@rails5.0/gems/web-console-3.1.1/lib/web_console/templates/index.html.erb (373.7ms)
Started GET "/products" for ::1 at 2016-02-27 19:37:29 -0800
  
ActionController::RoutingError (No route matches [GET] "/products"):
  
actionpack (5.0.0.beta3) lib/action_dispatch/middleware/debug_exceptions.rb:53:in `call'
web-console (3.1.1) lib/web_console/middleware.rb:131:in `call_app'
web-console (3.1.1) lib/web_console/middleware.rb:28:in `block in call'
web-console (3.1.1) lib/web_console/middleware.rb:18:in `catch'
web-console (3.1.1) lib/web_console/middleware.rb:18:in `call'
actionpack (5.0.0.beta3) lib/action_dispatch/middleware/show_exceptions.rb:31:in `call'
railties (5.0.0.beta3) lib/rails/rack/logger.rb:36:in `call_app'
railties (5.0.0.beta3) lib/rails/rack/logger.rb:24:in `block in call'
activesupport (5.0.0.beta3) lib/active_support/tagged_logging.rb:70:in `block in tagged'
activesupport (5.0.0.beta3) lib/active_support/tagged_logging.rb:26:in `tagged'
activesupport (5.0.0.beta3) lib/active_support/tagged_logging.rb:70:in `tagged'
railties (5.0.0.beta3) lib/rails/rack/logger.rb:24:in `call'
actionpack (5.0.0.beta3) lib/action_dispatch/middleware/request_id.rb:24:in `call'
rack (2.0.0.alpha) lib/rack/method_override.rb:22:in `call'
rack (2.0.0.alpha) lib/rack/runtime.rb:22:in `call'
activesupport (5.0.0.beta3) lib/active_support/cache/strategy/local_cache_middleware.rb:28:in `call'
actionpack (5.0.0.beta3) lib/action_dispatch/middleware/load_interlock.rb:13:in `call'
actionpack (5.0.0.beta3) lib/action_dispatch/middleware/static.rb:136:in `call'
rack (2.0.0.alpha) lib/rack/sendfile.rb:111:in `call'
railties (5.0.0.beta3) lib/rails/engine.rb:522:in `call'
puma (3.0.2) lib/puma/configuration.rb:221:in `call'
puma (3.0.2) lib/puma/server.rb:561:in `handle_request'
puma (3.0.2) lib/puma/server.rb:406:in `process_client'
puma (3.0.2) lib/puma/server.rb:271:in `block in run'
puma (3.0.2) lib/puma/thread_pool.rb:111:in `block in spawn_thread'
  Rendered /Users/Joey/.rvm/gems/ruby-2.3.0@rails5.0/gems/actionpack-5.0.0.beta3/lib/action_dispatch/middleware/templates/rescues/_trace.html.erb (3.3ms)
  Rendered /Users/Joey/.rvm/gems/ruby-2.3.0@rails5.0/gems/actionpack-5.0.0.beta3/lib/action_dispatch/middleware/templates/routes/_table.html.erb (3.2ms)
  Rendered /Users/Joey/.rvm/gems/ruby-2.3.0@rails5.0/gems/actionpack-5.0.0.beta3/lib/action_dispatch/middleware/templates/rescues/_request_and_response.html.erb (2.4ms)
  Rendered /Users/Joey/.rvm/gems/ruby-2.3.0@rails5.0/gems/actionpack-5.0.0.beta3/lib/action_dispatch/middleware/templates/rescues/routing_error.html.erb within rescues/layout (201.0ms)
  Rendered /Users/Joey/.rvm/gems/ruby-2.3.0@rails5.0/gems/web-console-3.1.1/lib/web_console/templates/_markup.html.erb (1.2ms)
  Rendered /Users/Joey/.rvm/gems/ruby-2.3.0@rails5.0/gems/web-console-3.1.1/lib/web_console/templates/_inner_console_markup.html.erb within layouts/inlined_string (0.9ms)
  Rendered /Users/Joey/.rvm/gems/ruby-2.3.0@rails5.0/gems/web-console-3.1.1/lib/web_console/templates/_prompt_box_markup.html.erb within layouts/inlined_string (0.9ms)
  Rendered /Users/Joey/.rvm/gems/ruby-2.3.0@rails5.0/gems/web-console-3.1.1/lib/web_console/templates/style.css.erb within layouts/inlined_string (1.4ms)
  Rendered /Users/Joey/.rvm/gems/ruby-2.3.0@rails5.0/gems/web-console-3.1.1/lib/web_console/templates/console.js.erb within layouts/javascript (190.1ms)
  Rendered /Users/Joey/.rvm/gems/ruby-2.3.0@rails5.0/gems/web-console-3.1.1/lib/web_console/templates/main.js.erb within layouts/javascript (0.8ms)
  Rendered /Users/Joey/.rvm/gems/ruby-2.3.0@rails5.0/gems/web-console-3.1.1/lib/web_console/templates/index.html.erb (378.6ms)
Started GET "/rails/info/routes?path=Pr" for ::1 at 2016-02-27 19:37:34 -0800
Processing by Rails::InfoController#routes as */*
  Parameters: {"path"=>"Pr", "internal"=>true}
Completed 200 OK in 3ms (Views: 0.6ms | ActiveRecord: 0.0ms)


Started GET "/rails/info/routes?path=Pro" for ::1 at 2016-02-27 19:37:35 -0800
Processing by Rails::InfoController#routes as */*
  Parameters: {"path"=>"Pro", "internal"=>true}
Completed 200 OK in 1ms (Views: 0.4ms | ActiveRecord: 0.0ms)


Started GET "/rails/info/routes?path=Products" for ::1 at 2016-02-27 19:37:36 -0800
Processing by Rails::InfoController#routes as */*
  Parameters: {"path"=>"Products", "internal"=>true}
Completed 200 OK in 1ms (Views: 0.4ms | ActiveRecord: 0.0ms)


Started GET "/rails/info/routes?path=Products" for ::1 at 2016-02-27 19:37:36 -0800
Processing by Rails::InfoController#routes as */*
  Parameters: {"path"=>"Products", "internal"=>true}
Completed 200 OK in 1ms (Views: 0.4ms | ActiveRecord: 0.0ms)


Started GET "/products" for ::1 at 2016-02-27 19:40:25 -0800
  
ActionController::RoutingError (No route matches [GET] "/products"):
  
actionpack (5.0.0.beta3) lib/action_dispatch/middleware/debug_exceptions.rb:53:in `call'
web-console (3.1.1) lib/web_console/middleware.rb:131:in `call_app'
web-console (3.1.1) lib/web_console/middleware.rb:28:in `block in call'
web-console (3.1.1) lib/web_console/middleware.rb:18:in `catch'
web-console (3.1.1) lib/web_console/middleware.rb:18:in `call'
actionpack (5.0.0.beta3) lib/action_dispatch/middleware/show_exceptions.rb:31:in `call'
railties (5.0.0.beta3) lib/rails/rack/logger.rb:36:in `call_app'
railties (5.0.0.beta3) lib/rails/rack/logger.rb:24:in `block in call'
activesupport (5.0.0.beta3) lib/active_support/tagged_logging.rb:70:in `block in tagged'
activesupport (5.0.0.beta3) lib/active_support/tagged_logging.rb:26:in `tagged'
activesupport (5.0.0.beta3) lib/active_support/tagged_logging.rb:70:in `tagged'
railties (5.0.0.beta3) lib/rails/rack/logger.rb:24:in `call'
actionpack (5.0.0.beta3) lib/action_dispatch/middleware/request_id.rb:24:in `call'
rack (2.0.0.alpha) lib/rack/method_override.rb:22:in `call'
rack (2.0.0.alpha) lib/rack/runtime.rb:22:in `call'
activesupport (5.0.0.beta3) lib/active_support/cache/strategy/local_cache_middleware.rb:28:in `call'
actionpack (5.0.0.beta3) lib/action_dispatch/middleware/load_interlock.rb:13:in `call'
actionpack (5.0.0.beta3) lib/action_dispatch/middleware/static.rb:136:in `call'
rack (2.0.0.alpha) lib/rack/sendfile.rb:111:in `call'
railties (5.0.0.beta3) lib/rails/engine.rb:522:in `call'
puma (3.0.2) lib/puma/configuration.rb:221:in `call'
puma (3.0.2) lib/puma/server.rb:561:in `handle_request'
puma (3.0.2) lib/puma/server.rb:406:in `process_client'
puma (3.0.2) lib/puma/server.rb:271:in `block in run'
puma (3.0.2) lib/puma/thread_pool.rb:111:in `block in spawn_thread'
  Rendered /Users/Joey/.rvm/gems/ruby-2.3.0@rails5.0/gems/actionpack-5.0.0.beta3/lib/action_dispatch/middleware/templates/rescues/_trace.html.erb (3.3ms)
  Rendered /Users/Joey/.rvm/gems/ruby-2.3.0@rails5.0/gems/actionpack-5.0.0.beta3/lib/action_dispatch/middleware/templates/routes/_table.html.erb (3.2ms)
  Rendered /Users/Joey/.rvm/gems/ruby-2.3.0@rails5.0/gems/actionpack-5.0.0.beta3/lib/action_dispatch/middleware/templates/rescues/_request_and_response.html.erb (2.8ms)
  Rendered /Users/Joey/.rvm/gems/ruby-2.3.0@rails5.0/gems/actionpack-5.0.0.beta3/lib/action_dispatch/middleware/templates/rescues/routing_error.html.erb within rescues/layout (204.9ms)
  Rendered /Users/Joey/.rvm/gems/ruby-2.3.0@rails5.0/gems/web-console-3.1.1/lib/web_console/templates/_markup.html.erb (1.3ms)
  Rendered /Users/Joey/.rvm/gems/ruby-2.3.0@rails5.0/gems/web-console-3.1.1/lib/web_console/templates/_inner_console_markup.html.erb within layouts/inlined_string (1.0ms)
  Rendered /Users/Joey/.rvm/gems/ruby-2.3.0@rails5.0/gems/web-console-3.1.1/lib/web_console/templates/_prompt_box_markup.html.erb within layouts/inlined_string (1.1ms)
  Rendered /Users/Joey/.rvm/gems/ruby-2.3.0@rails5.0/gems/web-console-3.1.1/lib/web_console/templates/style.css.erb within layouts/inlined_string (1.0ms)
  Rendered /Users/Joey/.rvm/gems/ruby-2.3.0@rails5.0/gems/web-console-3.1.1/lib/web_console/templates/console.js.erb within layouts/javascript (236.0ms)
  Rendered /Users/Joey/.rvm/gems/ruby-2.3.0@rails5.0/gems/web-console-3.1.1/lib/web_console/templates/main.js.erb within layouts/javascript (0.9ms)
  Rendered /Users/Joey/.rvm/gems/ruby-2.3.0@rails5.0/gems/web-console-3.1.1/lib/web_console/templates/index.html.erb (442.2ms)
Started GET "/product" for ::1 at 2016-02-27 19:40:28 -0800
  
ActionController::RoutingError (No route matches [GET] "/product"):
  
actionpack (5.0.0.beta3) lib/action_dispatch/middleware/debug_exceptions.rb:53:in `call'
web-console (3.1.1) lib/web_console/middleware.rb:131:in `call_app'
web-console (3.1.1) lib/web_console/middleware.rb:28:in `block in call'
web-console (3.1.1) lib/web_console/middleware.rb:18:in `catch'
web-console (3.1.1) lib/web_console/middleware.rb:18:in `call'
actionpack (5.0.0.beta3) lib/action_dispatch/middleware/show_exceptions.rb:31:in `call'
railties (5.0.0.beta3) lib/rails/rack/logger.rb:36:in `call_app'
railties (5.0.0.beta3) lib/rails/rack/logger.rb:24:in `block in call'
activesupport (5.0.0.beta3) lib/active_support/tagged_logging.rb:70:in `block in tagged'
activesupport (5.0.0.beta3) lib/active_support/tagged_logging.rb:26:in `tagged'
activesupport (5.0.0.beta3) lib/active_support/tagged_logging.rb:70:in `tagged'
railties (5.0.0.beta3) lib/rails/rack/logger.rb:24:in `call'
actionpack (5.0.0.beta3) lib/action_dispatch/middleware/request_id.rb:24:in `call'
rack (2.0.0.alpha) lib/rack/method_override.rb:22:in `call'
rack (2.0.0.alpha) lib/rack/runtime.rb:22:in `call'
activesupport (5.0.0.beta3) lib/active_support/cache/strategy/local_cache_middleware.rb:28:in `call'
actionpack (5.0.0.beta3) lib/action_dispatch/middleware/load_interlock.rb:13:in `call'
actionpack (5.0.0.beta3) lib/action_dispatch/middleware/static.rb:136:in `call'
rack (2.0.0.alpha) lib/rack/sendfile.rb:111:in `call'
railties (5.0.0.beta3) lib/rails/engine.rb:522:in `call'
puma (3.0.2) lib/puma/configuration.rb:221:in `call'
puma (3.0.2) lib/puma/server.rb:561:in `handle_request'
puma (3.0.2) lib/puma/server.rb:406:in `process_client'
puma (3.0.2) lib/puma/server.rb:271:in `block in run'
puma (3.0.2) lib/puma/thread_pool.rb:111:in `block in spawn_thread'
  Rendered /Users/Joey/.rvm/gems/ruby-2.3.0@rails5.0/gems/actionpack-5.0.0.beta3/lib/action_dispatch/middleware/templates/rescues/_trace.html.erb (3.4ms)
  Rendered /Users/Joey/.rvm/gems/ruby-2.3.0@rails5.0/gems/actionpack-5.0.0.beta3/lib/action_dispatch/middleware/templates/routes/_table.html.erb (3.6ms)
  Rendered /Users/Joey/.rvm/gems/ruby-2.3.0@rails5.0/gems/actionpack-5.0.0.beta3/lib/action_dispatch/middleware/templates/rescues/_request_and_response.html.erb (2.3ms)
  Rendered /Users/Joey/.rvm/gems/ruby-2.3.0@rails5.0/gems/actionpack-5.0.0.beta3/lib/action_dispatch/middleware/templates/rescues/routing_error.html.erb within rescues/layout (199.1ms)
  Rendered /Users/Joey/.rvm/gems/ruby-2.3.0@rails5.0/gems/web-console-3.1.1/lib/web_console/templates/_markup.html.erb (1.3ms)
  Rendered /Users/Joey/.rvm/gems/ruby-2.3.0@rails5.0/gems/web-console-3.1.1/lib/web_console/templates/_inner_console_markup.html.erb within layouts/inlined_string (0.9ms)
  Rendered /Users/Joey/.rvm/gems/ruby-2.3.0@rails5.0/gems/web-console-3.1.1/lib/web_console/templates/_prompt_box_markup.html.erb within layouts/inlined_string (1.0ms)
  Rendered /Users/Joey/.rvm/gems/ruby-2.3.0@rails5.0/gems/web-console-3.1.1/lib/web_console/templates/style.css.erb within layouts/inlined_string (1.0ms)
  Rendered /Users/Joey/.rvm/gems/ruby-2.3.0@rails5.0/gems/web-console-3.1.1/lib/web_console/templates/console.js.erb within layouts/javascript (193.8ms)
  Rendered /Users/Joey/.rvm/gems/ruby-2.3.0@rails5.0/gems/web-console-3.1.1/lib/web_console/templates/main.js.erb within layouts/javascript (0.9ms)
  Rendered /Users/Joey/.rvm/gems/ruby-2.3.0@rails5.0/gems/web-console-3.1.1/lib/web_console/templates/index.html.erb (376.1ms)
Started GET "/product" for ::1 at 2016-02-27 19:45:30 -0800
  [1m[36mActiveRecord::SchemaMigration Load (0.1ms)[0m  [1m[34mSELECT "schema_migrations".* FROM "schema_migrations"[0m
  
ActionController::RoutingError (No route matches [GET] "/product"):
  
actionpack (5.0.0.beta3) lib/action_dispatch/middleware/debug_exceptions.rb:53:in `call'
web-console (3.1.1) lib/web_console/middleware.rb:131:in `call_app'
web-console (3.1.1) lib/web_console/middleware.rb:28:in `block in call'
web-console (3.1.1) lib/web_console/middleware.rb:18:in `catch'
web-console (3.1.1) lib/web_console/middleware.rb:18:in `call'
actionpack (5.0.0.beta3) lib/action_dispatch/middleware/show_exceptions.rb:31:in `call'
railties (5.0.0.beta3) lib/rails/rack/logger.rb:36:in `call_app'
railties (5.0.0.beta3) lib/rails/rack/logger.rb:24:in `block in call'
activesupport (5.0.0.beta3) lib/active_support/tagged_logging.rb:70:in `block in tagged'
activesupport (5.0.0.beta3) lib/active_support/tagged_logging.rb:26:in `tagged'
activesupport (5.0.0.beta3) lib/active_support/tagged_logging.rb:70:in `tagged'
railties (5.0.0.beta3) lib/rails/rack/logger.rb:24:in `call'
actionpack (5.0.0.beta3) lib/action_dispatch/middleware/request_id.rb:24:in `call'
rack (2.0.0.alpha) lib/rack/method_override.rb:22:in `call'
rack (2.0.0.alpha) lib/rack/runtime.rb:22:in `call'
activesupport (5.0.0.beta3) lib/active_support/cache/strategy/local_cache_middleware.rb:28:in `call'
actionpack (5.0.0.beta3) lib/action_dispatch/middleware/load_interlock.rb:13:in `call'
actionpack (5.0.0.beta3) lib/action_dispatch/middleware/static.rb:136:in `call'
rack (2.0.0.alpha) lib/rack/sendfile.rb:111:in `call'
railties (5.0.0.beta3) lib/rails/engine.rb:522:in `call'
puma (3.0.2) lib/puma/configuration.rb:221:in `call'
puma (3.0.2) lib/puma/server.rb:561:in `handle_request'
puma (3.0.2) lib/puma/server.rb:406:in `process_client'
puma (3.0.2) lib/puma/server.rb:271:in `block in run'
puma (3.0.2) lib/puma/thread_pool.rb:111:in `block in spawn_thread'
  Rendered /Users/Joey/.rvm/gems/ruby-2.3.0@rails5.0/gems/actionpack-5.0.0.beta3/lib/action_dispatch/middleware/templates/rescues/_trace.html.erb (1.9ms)
  Rendered /Users/Joey/.rvm/gems/ruby-2.3.0@rails5.0/gems/actionpack-5.0.0.beta3/lib/action_dispatch/middleware/templates/routes/_table.html.erb (5.7ms)
  Rendered /Users/Joey/.rvm/gems/ruby-2.3.0@rails5.0/gems/actionpack-5.0.0.beta3/lib/action_dispatch/middleware/templates/rescues/_request_and_response.html.erb (7.7ms)
  Rendered /Users/Joey/.rvm/gems/ruby-2.3.0@rails5.0/gems/actionpack-5.0.0.beta3/lib/action_dispatch/middleware/templates/rescues/routing_error.html.erb within rescues/layout (74.9ms)
  Rendered /Users/Joey/.rvm/gems/ruby-2.3.0@rails5.0/gems/web-console-3.1.1/lib/web_console/templates/_markup.html.erb (0.4ms)
  Rendered /Users/Joey/.rvm/gems/ruby-2.3.0@rails5.0/gems/web-console-3.1.1/lib/web_console/templates/_inner_console_markup.html.erb within layouts/inlined_string (0.3ms)
  Rendered /Users/Joey/.rvm/gems/ruby-2.3.0@rails5.0/gems/web-console-3.1.1/lib/web_console/templates/_prompt_box_markup.html.erb within layouts/inlined_string (0.3ms)
  Rendered /Users/Joey/.rvm/gems/ruby-2.3.0@rails5.0/gems/web-console-3.1.1/lib/web_console/templates/style.css.erb within layouts/inlined_string (0.3ms)
  Rendered /Users/Joey/.rvm/gems/ruby-2.3.0@rails5.0/gems/web-console-3.1.1/lib/web_console/templates/console.js.erb within layouts/javascript (50.1ms)
  Rendered /Users/Joey/.rvm/gems/ruby-2.3.0@rails5.0/gems/web-console-3.1.1/lib/web_console/templates/main.js.erb within layouts/javascript (0.4ms)
  Rendered /Users/Joey/.rvm/gems/ruby-2.3.0@rails5.0/gems/web-console-3.1.1/lib/web_console/templates/index.html.erb (93.1ms)
Started GET "/product" for ::1 at 2016-02-27 19:45:30 -0800
  
ActionController::RoutingError (No route matches [GET] "/product"):
  
actionpack (5.0.0.beta3) lib/action_dispatch/middleware/debug_exceptions.rb:53:in `call'
web-console (3.1.1) lib/web_console/middleware.rb:131:in `call_app'
web-console (3.1.1) lib/web_console/middleware.rb:28:in `block in call'
web-console (3.1.1) lib/web_console/middleware.rb:18:in `catch'
web-console (3.1.1) lib/web_console/middleware.rb:18:in `call'
actionpack (5.0.0.beta3) lib/action_dispatch/middleware/show_exceptions.rb:31:in `call'
railties (5.0.0.beta3) lib/rails/rack/logger.rb:36:in `call_app'
railties (5.0.0.beta3) lib/rails/rack/logger.rb:24:in `block in call'
activesupport (5.0.0.beta3) lib/active_support/tagged_logging.rb:70:in `block in tagged'
activesupport (5.0.0.beta3) lib/active_support/tagged_logging.rb:26:in `tagged'
activesupport (5.0.0.beta3) lib/active_support/tagged_logging.rb:70:in `tagged'
railties (5.0.0.beta3) lib/rails/rack/logger.rb:24:in `call'
actionpack (5.0.0.beta3) lib/action_dispatch/middleware/request_id.rb:24:in `call'
rack (2.0.0.alpha) lib/rack/method_override.rb:22:in `call'
rack (2.0.0.alpha) lib/rack/runtime.rb:22:in `call'
activesupport (5.0.0.beta3) lib/active_support/cache/strategy/local_cache_middleware.rb:28:in `call'
actionpack (5.0.0.beta3) lib/action_dispatch/middleware/load_interlock.rb:13:in `call'
actionpack (5.0.0.beta3) lib/action_dispatch/middleware/static.rb:136:in `call'
rack (2.0.0.alpha) lib/rack/sendfile.rb:111:in `call'
railties (5.0.0.beta3) lib/rails/engine.rb:522:in `call'
puma (3.0.2) lib/puma/configuration.rb:221:in `call'
puma (3.0.2) lib/puma/server.rb:561:in `handle_request'
puma (3.0.2) lib/puma/server.rb:406:in `process_client'
puma (3.0.2) lib/puma/server.rb:271:in `block in run'
puma (3.0.2) lib/puma/thread_pool.rb:111:in `block in spawn_thread'
  Rendered /Users/Joey/.rvm/gems/ruby-2.3.0@rails5.0/gems/actionpack-5.0.0.beta3/lib/action_dispatch/middleware/templates/rescues/_trace.html.erb (0.9ms)
  Rendered /Users/Joey/.rvm/gems/ruby-2.3.0@rails5.0/gems/actionpack-5.0.0.beta3/lib/action_dispatch/middleware/templates/routes/_table.html.erb (0.9ms)
  Rendered /Users/Joey/.rvm/gems/ruby-2.3.0@rails5.0/gems/actionpack-5.0.0.beta3/lib/action_dispatch/middleware/templates/rescues/_request_and_response.html.erb (0.8ms)
  Rendered /Users/Joey/.rvm/gems/ruby-2.3.0@rails5.0/gems/actionpack-5.0.0.beta3/lib/action_dispatch/middleware/templates/rescues/routing_error.html.erb within rescues/layout (45.0ms)
  Rendered /Users/Joey/.rvm/gems/ruby-2.3.0@rails5.0/gems/web-console-3.1.1/lib/web_console/templates/_markup.html.erb (0.4ms)
  Rendered /Users/Joey/.rvm/gems/ruby-2.3.0@rails5.0/gems/web-console-3.1.1/lib/web_console/templates/_inner_console_markup.html.erb within layouts/inlined_string (0.3ms)
  Rendered /Users/Joey/.rvm/gems/ruby-2.3.0@rails5.0/gems/web-console-3.1.1/lib/web_console/templates/_prompt_box_markup.html.erb within layouts/inlined_string (0.3ms)
  Rendered /Users/Joey/.rvm/gems/ruby-2.3.0@rails5.0/gems/web-console-3.1.1/lib/web_console/templates/style.css.erb within layouts/inlined_string (0.3ms)
  Rendered /Users/Joey/.rvm/gems/ruby-2.3.0@rails5.0/gems/web-console-3.1.1/lib/web_console/templates/console.js.erb within layouts/javascript (47.1ms)
  Rendered /Users/Joey/.rvm/gems/ruby-2.3.0@rails5.0/gems/web-console-3.1.1/lib/web_console/templates/main.js.erb within layouts/javascript (0.2ms)
  Rendered /Users/Joey/.rvm/gems/ruby-2.3.0@rails5.0/gems/web-console-3.1.1/lib/web_console/templates/index.html.erb (85.3ms)
Started GET "/product" for ::1 at 2016-02-27 19:45:31 -0800
  
ActionController::RoutingError (No route matches [GET] "/product"):
  
actionpack (5.0.0.beta3) lib/action_dispatch/middleware/debug_exceptions.rb:53:in `call'
web-console (3.1.1) lib/web_console/middleware.rb:131:in `call_app'
web-console (3.1.1) lib/web_console/middleware.rb:28:in `block in call'
web-console (3.1.1) lib/web_console/middleware.rb:18:in `catch'
web-console (3.1.1) lib/web_console/middleware.rb:18:in `call'
actionpack (5.0.0.beta3) lib/action_dispatch/middleware/show_exceptions.rb:31:in `call'
railties (5.0.0.beta3) lib/rails/rack/logger.rb:36:in `call_app'
railties (5.0.0.beta3) lib/rails/rack/logger.rb:24:in `block in call'
activesupport (5.0.0.beta3) lib/active_support/tagged_logging.rb:70:in `block in tagged'
activesupport (5.0.0.beta3) lib/active_support/tagged_logging.rb:26:in `tagged'
activesupport (5.0.0.beta3) lib/active_support/tagged_logging.rb:70:in `tagged'
railties (5.0.0.beta3) lib/rails/rack/logger.rb:24:in `call'
actionpack (5.0.0.beta3) lib/action_dispatch/middleware/request_id.rb:24:in `call'
rack (2.0.0.alpha) lib/rack/method_override.rb:22:in `call'
rack (2.0.0.alpha) lib/rack/runtime.rb:22:in `call'
activesupport (5.0.0.beta3) lib/active_support/cache/strategy/local_cache_middleware.rb:28:in `call'
actionpack (5.0.0.beta3) lib/action_dispatch/middleware/load_interlock.rb:13:in `call'
actionpack (5.0.0.beta3) lib/action_dispatch/middleware/static.rb:136:in `call'
rack (2.0.0.alpha) lib/rack/sendfile.rb:111:in `call'
railties (5.0.0.beta3) lib/rails/engine.rb:522:in `call'
puma (3.0.2) lib/puma/configuration.rb:221:in `call'
puma (3.0.2) lib/puma/server.rb:561:in `handle_request'
puma (3.0.2) lib/puma/server.rb:406:in `process_client'
puma (3.0.2) lib/puma/server.rb:271:in `block in run'
puma (3.0.2) lib/puma/thread_pool.rb:111:in `block in spawn_thread'
  Rendered /Users/Joey/.rvm/gems/ruby-2.3.0@rails5.0/gems/actionpack-5.0.0.beta3/lib/action_dispatch/middleware/templates/rescues/_trace.html.erb (1.1ms)
  Rendered /Users/Joey/.rvm/gems/ruby-2.3.0@rails5.0/gems/actionpack-5.0.0.beta3/lib/action_dispatch/middleware/templates/routes/_table.html.erb (0.9ms)
  Rendered /Users/Joey/.rvm/gems/ruby-2.3.0@rails5.0/gems/actionpack-5.0.0.beta3/lib/action_dispatch/middleware/templates/rescues/_request_and_response.html.erb (0.7ms)
  Rendered /Users/Joey/.rvm/gems/ruby-2.3.0@rails5.0/gems/actionpack-5.0.0.beta3/lib/action_dispatch/middleware/templates/rescues/routing_error.html.erb within rescues/layout (47.4ms)
  Rendered /Users/Joey/.rvm/gems/ruby-2.3.0@rails5.0/gems/web-console-3.1.1/lib/web_console/templates/_markup.html.erb (0.4ms)
  Rendered /Users/Joey/.rvm/gems/ruby-2.3.0@rails5.0/gems/web-console-3.1.1/lib/web_console/templates/_inner_console_markup.html.erb within layouts/inlined_string (0.3ms)
  Rendered /Users/Joey/.rvm/gems/ruby-2.3.0@rails5.0/gems/web-console-3.1.1/lib/web_console/templates/_prompt_box_markup.html.erb within layouts/inlined_string (0.3ms)
  Rendered /Users/Joey/.rvm/gems/ruby-2.3.0@rails5.0/gems/web-console-3.1.1/lib/web_console/templates/style.css.erb within layouts/inlined_string (0.3ms)
  Rendered /Users/Joey/.rvm/gems/ruby-2.3.0@rails5.0/gems/web-console-3.1.1/lib/web_console/templates/console.js.erb within layouts/javascript (47.2ms)
  Rendered /Users/Joey/.rvm/gems/ruby-2.3.0@rails5.0/gems/web-console-3.1.1/lib/web_console/templates/main.js.erb within layouts/javascript (0.3ms)
  Rendered /Users/Joey/.rvm/gems/ruby-2.3.0@rails5.0/gems/web-console-3.1.1/lib/web_console/templates/index.html.erb (86.4ms)
Started GET "/" for ::1 at 2016-02-27 19:45:34 -0800
Processing by Rails::WelcomeController#index as HTML
  Parameters: {"internal"=>true}
  Rendered /Users/Joey/.rvm/gems/ruby-2.3.0@rails5.0/gems/railties-5.0.0.beta3/lib/rails/templates/rails/welcome/index.html.erb (2.6ms)
Completed 200 OK in 8ms (Views: 5.4ms | ActiveRecord: 0.0ms)


Started GET "/products" for ::1 at 2016-02-27 19:45:42 -0800
  
ActionController::RoutingError (No route matches [GET] "/products"):
  
actionpack (5.0.0.beta3) lib/action_dispatch/middleware/debug_exceptions.rb:53:in `call'
web-console (3.1.1) lib/web_console/middleware.rb:131:in `call_app'
web-console (3.1.1) lib/web_console/middleware.rb:28:in `block in call'
web-console (3.1.1) lib/web_console/middleware.rb:18:in `catch'
web-console (3.1.1) lib/web_console/middleware.rb:18:in `call'
actionpack (5.0.0.beta3) lib/action_dispatch/middleware/show_exceptions.rb:31:in `call'
railties (5.0.0.beta3) lib/rails/rack/logger.rb:36:in `call_app'
railties (5.0.0.beta3) lib/rails/rack/logger.rb:24:in `block in call'
activesupport (5.0.0.beta3) lib/active_support/tagged_logging.rb:70:in `block in tagged'
activesupport (5.0.0.beta3) lib/active_support/tagged_logging.rb:26:in `tagged'
activesupport (5.0.0.beta3) lib/active_support/tagged_logging.rb:70:in `tagged'
railties (5.0.0.beta3) lib/rails/rack/logger.rb:24:in `call'
actionpack (5.0.0.beta3) lib/action_dispatch/middleware/request_id.rb:24:in `call'
rack (2.0.0.alpha) lib/rack/method_override.rb:22:in `call'
rack (2.0.0.alpha) lib/rack/runtime.rb:22:in `call'
activesupport (5.0.0.beta3) lib/active_support/cache/strategy/local_cache_middleware.rb:28:in `call'
actionpack (5.0.0.beta3) lib/action_dispatch/middleware/load_interlock.rb:13:in `call'
actionpack (5.0.0.beta3) lib/action_dispatch/middleware/static.rb:136:in `call'
rack (2.0.0.alpha) lib/rack/sendfile.rb:111:in `call'
railties (5.0.0.beta3) lib/rails/engine.rb:522:in `call'
puma (3.0.2) lib/puma/configuration.rb:221:in `call'
puma (3.0.2) lib/puma/server.rb:561:in `handle_request'
puma (3.0.2) lib/puma/server.rb:406:in `process_client'
puma (3.0.2) lib/puma/server.rb:271:in `block in run'
puma (3.0.2) lib/puma/thread_pool.rb:111:in `block in spawn_thread'
  Rendered /Users/Joey/.rvm/gems/ruby-2.3.0@rails5.0/gems/actionpack-5.0.0.beta3/lib/action_dispatch/middleware/templates/rescues/_trace.html.erb (0.9ms)
  Rendered /Users/Joey/.rvm/gems/ruby-2.3.0@rails5.0/gems/actionpack-5.0.0.beta3/lib/action_dispatch/middleware/templates/routes/_table.html.erb (1.0ms)
  Rendered /Users/Joey/.rvm/gems/ruby-2.3.0@rails5.0/gems/actionpack-5.0.0.beta3/lib/action_dispatch/middleware/templates/rescues/_request_and_response.html.erb (0.7ms)
  Rendered /Users/Joey/.rvm/gems/ruby-2.3.0@rails5.0/gems/actionpack-5.0.0.beta3/lib/action_dispatch/middleware/templates/rescues/routing_error.html.erb within rescues/layout (47.3ms)
  Rendered /Users/Joey/.rvm/gems/ruby-2.3.0@rails5.0/gems/web-console-3.1.1/lib/web_console/templates/_markup.html.erb (0.3ms)
  Rendered /Users/Joey/.rvm/gems/ruby-2.3.0@rails5.0/gems/web-console-3.1.1/lib/web_console/templates/_inner_console_markup.html.erb within layouts/inlined_string (0.3ms)
  Rendered /Users/Joey/.rvm/gems/ruby-2.3.0@rails5.0/gems/web-console-3.1.1/lib/web_console/templates/_prompt_box_markup.html.erb within layouts/inlined_string (0.3ms)
  Rendered /Users/Joey/.rvm/gems/ruby-2.3.0@rails5.0/gems/web-console-3.1.1/lib/web_console/templates/style.css.erb within layouts/inlined_string (0.3ms)
  Rendered /Users/Joey/.rvm/gems/ruby-2.3.0@rails5.0/gems/web-console-3.1.1/lib/web_console/templates/console.js.erb within layouts/javascript (44.7ms)
  Rendered /Users/Joey/.rvm/gems/ruby-2.3.0@rails5.0/gems/web-console-3.1.1/lib/web_console/templates/main.js.erb within layouts/javascript (0.2ms)
  Rendered /Users/Joey/.rvm/gems/ruby-2.3.0@rails5.0/gems/web-console-3.1.1/lib/web_console/templates/index.html.erb (83.0ms)
Started GET "/product" for ::1 at 2016-02-27 19:45:46 -0800
  
ActionController::RoutingError (No route matches [GET] "/product"):
  
actionpack (5.0.0.beta3) lib/action_dispatch/middleware/debug_exceptions.rb:53:in `call'
web-console (3.1.1) lib/web_console/middleware.rb:131:in `call_app'
web-console (3.1.1) lib/web_console/middleware.rb:28:in `block in call'
web-console (3.1.1) lib/web_console/middleware.rb:18:in `catch'
web-console (3.1.1) lib/web_console/middleware.rb:18:in `call'
actionpack (5.0.0.beta3) lib/action_dispatch/middleware/show_exceptions.rb:31:in `call'
railties (5.0.0.beta3) lib/rails/rack/logger.rb:36:in `call_app'
railties (5.0.0.beta3) lib/rails/rack/logger.rb:24:in `block in call'
activesupport (5.0.0.beta3) lib/active_support/tagged_logging.rb:70:in `block in tagged'
activesupport (5.0.0.beta3) lib/active_support/tagged_logging.rb:26:in `tagged'
activesupport (5.0.0.beta3) lib/active_support/tagged_logging.rb:70:in `tagged'
railties (5.0.0.beta3) lib/rails/rack/logger.rb:24:in `call'
actionpack (5.0.0.beta3) lib/action_dispatch/middleware/request_id.rb:24:in `call'
rack (2.0.0.alpha) lib/rack/method_override.rb:22:in `call'
rack (2.0.0.alpha) lib/rack/runtime.rb:22:in `call'
activesupport (5.0.0.beta3) lib/active_support/cache/strategy/local_cache_middleware.rb:28:in `call'
actionpack (5.0.0.beta3) lib/action_dispatch/middleware/load_interlock.rb:13:in `call'
actionpack (5.0.0.beta3) lib/action_dispatch/middleware/static.rb:136:in `call'
rack (2.0.0.alpha) lib/rack/sendfile.rb:111:in `call'
railties (5.0.0.beta3) lib/rails/engine.rb:522:in `call'
puma (3.0.2) lib/puma/configuration.rb:221:in `call'
puma (3.0.2) lib/puma/server.rb:561:in `handle_request'
puma (3.0.2) lib/puma/server.rb:406:in `process_client'
puma (3.0.2) lib/puma/server.rb:271:in `block in run'
puma (3.0.2) lib/puma/thread_pool.rb:111:in `block in spawn_thread'
  Rendered /Users/Joey/.rvm/gems/ruby-2.3.0@rails5.0/gems/actionpack-5.0.0.beta3/lib/action_dispatch/middleware/templates/rescues/_trace.html.erb (0.9ms)
  Rendered /Users/Joey/.rvm/gems/ruby-2.3.0@rails5.0/gems/actionpack-5.0.0.beta3/lib/action_dispatch/middleware/templates/routes/_table.html.erb (1.0ms)
  Rendered /Users/Joey/.rvm/gems/ruby-2.3.0@rails5.0/gems/actionpack-5.0.0.beta3/lib/action_dispatch/middleware/templates/rescues/_request_and_response.html.erb (10.5ms)
  Rendered /Users/Joey/.rvm/gems/ruby-2.3.0@rails5.0/gems/actionpack-5.0.0.beta3/lib/action_dispatch/middleware/templates/rescues/routing_error.html.erb within rescues/layout (61.6ms)
  Rendered /Users/Joey/.rvm/gems/ruby-2.3.0@rails5.0/gems/web-console-3.1.1/lib/web_console/templates/_markup.html.erb (0.4ms)
  Rendered /Users/Joey/.rvm/gems/ruby-2.3.0@rails5.0/gems/web-console-3.1.1/lib/web_console/templates/_inner_console_markup.html.erb within layouts/inlined_string (0.3ms)
  Rendered /Users/Joey/.rvm/gems/ruby-2.3.0@rails5.0/gems/web-console-3.1.1/lib/web_console/templates/_prompt_box_markup.html.erb within layouts/inlined_string (0.3ms)
  Rendered /Users/Joey/.rvm/gems/ruby-2.3.0@rails5.0/gems/web-console-3.1.1/lib/web_console/templates/style.css.erb within layouts/inlined_string (0.3ms)
  Rendered /Users/Joey/.rvm/gems/ruby-2.3.0@rails5.0/gems/web-console-3.1.1/lib/web_console/templates/console.js.erb within layouts/javascript (43.9ms)
  Rendered /Users/Joey/.rvm/gems/ruby-2.3.0@rails5.0/gems/web-console-3.1.1/lib/web_console/templates/main.js.erb within layouts/javascript (0.3ms)
  Rendered /Users/Joey/.rvm/gems/ruby-2.3.0@rails5.0/gems/web-console-3.1.1/lib/web_console/templates/index.html.erb (89.7ms)
Started GET "/Product" for ::1 at 2016-02-27 19:45:51 -0800
  
ActionController::RoutingError (No route matches [GET] "/Product"):
  
actionpack (5.0.0.beta3) lib/action_dispatch/middleware/debug_exceptions.rb:53:in `call'
web-console (3.1.1) lib/web_console/middleware.rb:131:in `call_app'
web-console (3.1.1) lib/web_console/middleware.rb:28:in `block in call'
web-console (3.1.1) lib/web_console/middleware.rb:18:in `catch'
web-console (3.1.1) lib/web_console/middleware.rb:18:in `call'
actionpack (5.0.0.beta3) lib/action_dispatch/middleware/show_exceptions.rb:31:in `call'
railties (5.0.0.beta3) lib/rails/rack/logger.rb:36:in `call_app'
railties (5.0.0.beta3) lib/rails/rack/logger.rb:24:in `block in call'
activesupport (5.0.0.beta3) lib/active_support/tagged_logging.rb:70:in `block in tagged'
activesupport (5.0.0.beta3) lib/active_support/tagged_logging.rb:26:in `tagged'
activesupport (5.0.0.beta3) lib/active_support/tagged_logging.rb:70:in `tagged'
railties (5.0.0.beta3) lib/rails/rack/logger.rb:24:in `call'
actionpack (5.0.0.beta3) lib/action_dispatch/middleware/request_id.rb:24:in `call'
rack (2.0.0.alpha) lib/rack/method_override.rb:22:in `call'
rack (2.0.0.alpha) lib/rack/runtime.rb:22:in `call'
activesupport (5.0.0.beta3) lib/active_support/cache/strategy/local_cache_middleware.rb:28:in `call'
actionpack (5.0.0.beta3) lib/action_dispatch/middleware/load_interlock.rb:13:in `call'
actionpack (5.0.0.beta3) lib/action_dispatch/middleware/static.rb:136:in `call'
rack (2.0.0.alpha) lib/rack/sendfile.rb:111:in `call'
railties (5.0.0.beta3) lib/rails/engine.rb:522:in `call'
puma (3.0.2) lib/puma/configuration.rb:221:in `call'
puma (3.0.2) lib/puma/server.rb:561:in `handle_request'
puma (3.0.2) lib/puma/server.rb:406:in `process_client'
puma (3.0.2) lib/puma/server.rb:271:in `block in run'
puma (3.0.2) lib/puma/thread_pool.rb:111:in `block in spawn_thread'
  Rendered /Users/Joey/.rvm/gems/ruby-2.3.0@rails5.0/gems/actionpack-5.0.0.beta3/lib/action_dispatch/middleware/templates/rescues/_trace.html.erb (0.9ms)
  Rendered /Users/Joey/.rvm/gems/ruby-2.3.0@rails5.0/gems/actionpack-5.0.0.beta3/lib/action_dispatch/middleware/templates/routes/_table.html.erb (1.1ms)
  Rendered /Users/Joey/.rvm/gems/ruby-2.3.0@rails5.0/gems/actionpack-5.0.0.beta3/lib/action_dispatch/middleware/templates/rescues/_request_and_response.html.erb (0.8ms)
  Rendered /Users/Joey/.rvm/gems/ruby-2.3.0@rails5.0/gems/actionpack-5.0.0.beta3/lib/action_dispatch/middleware/templates/rescues/routing_error.html.erb within rescues/layout (48.3ms)
  Rendered /Users/Joey/.rvm/gems/ruby-2.3.0@rails5.0/gems/web-console-3.1.1/lib/web_console/templates/_markup.html.erb (0.4ms)
  Rendered /Users/Joey/.rvm/gems/ruby-2.3.0@rails5.0/gems/web-console-3.1.1/lib/web_console/templates/_inner_console_markup.html.erb within layouts/inlined_string (0.3ms)
  Rendered /Users/Joey/.rvm/gems/ruby-2.3.0@rails5.0/gems/web-console-3.1.1/lib/web_console/templates/_prompt_box_markup.html.erb within layouts/inlined_string (0.3ms)
  Rendered /Users/Joey/.rvm/gems/ruby-2.3.0@rails5.0/gems/web-console-3.1.1/lib/web_console/templates/style.css.erb within layouts/inlined_string (0.3ms)
  Rendered /Users/Joey/.rvm/gems/ruby-2.3.0@rails5.0/gems/web-console-3.1.1/lib/web_console/templates/console.js.erb within layouts/javascript (45.0ms)
  Rendered /Users/Joey/.rvm/gems/ruby-2.3.0@rails5.0/gems/web-console-3.1.1/lib/web_console/templates/main.js.erb within layouts/javascript (0.2ms)
  Rendered /Users/Joey/.rvm/gems/ruby-2.3.0@rails5.0/gems/web-console-3.1.1/lib/web_console/templates/index.html.erb (87.2ms)
Started GET "/" for ::1 at 2016-02-27 19:45:56 -0800
Processing by Rails::WelcomeController#index as HTML
  Parameters: {"internal"=>true}
  Rendered /Users/Joey/.rvm/gems/ruby-2.3.0@rails5.0/gems/railties-5.0.0.beta3/lib/rails/templates/rails/welcome/index.html.erb (2.4ms)
Completed 200 OK in 6ms (Views: 4.0ms | ActiveRecord: 0.0ms)


Started GET "/" for ::1 at 2016-02-27 20:01:10 -0800
  [1m[36mActiveRecord::SchemaMigration Load (0.1ms)[0m  [1m[34mSELECT "schema_migrations".* FROM "schema_migrations"[0m
Processing by Rails::WelcomeController#index as HTML
  Parameters: {"internal"=>true}
  Rendered /Users/Joey/.rvm/gems/ruby-2.3.0@rails5.0/gems/railties-5.0.0.beta3/lib/rails/templates/rails/welcome/index.html.erb (3.4ms)
Completed 200 OK in 21ms (Views: 12.3ms | ActiveRecord: 0.0ms)


Started GET "/product" for ::1 at 2016-02-27 20:01:16 -0800
Processing by ProductController#index as HTML
  Rendered product/index.html.erb within layouts/application (2.6ms)
Completed 200 OK in 1854ms (Views: 1852.3ms | ActiveRecord: 0.0ms)


Started GET "/assets/product.self-e3b0c44298fc1c149afbf4c8996fb92427ae41e4649b934ca495991b7852b855.css?body=1" for ::1 at 2016-02-27 20:01:18 -0800
Started GET "/assets/application.self-af04b226fd7202dfc532ce7aedb95a0128277937e90d3b3a3d35e1cce9e16886.css?body=1" for ::1 at 2016-02-27 20:01:18 -0800
Started GET "/assets/jquery.self-c64a74367bda6ef8b860f19e74df08927ca99d2be2ac934e9e92d5fd361e0da4.js?body=1" for ::1 at 2016-02-27 20:01:18 -0800
Started GET "/assets/jquery_ujs.self-d602bdfe68ffc63b9f9cc512872aa3cfff046228a0a36e90dd476e8ef54c1b09.js?body=1" for ::1 at 2016-02-27 20:01:18 -0800
Started GET "/assets/turbolinks.self-6e94c8831ec7361b6d91dc05b335643dba203d4358fa902bf427adfd3c51916b.js?body=1" for ::1 at 2016-02-27 20:01:18 -0800
Started GET "/assets/development/react.self-fede65fd9a4acabec5ef1256b80983a6e6e8a68dec5eca279f6923ca213f7228.js?body=1" for ::1 at 2016-02-27 20:01:18 -0800
Started GET "/assets/react_ujs.self-06684ab54101bce1b455802d71af1f7157c37b116c4b0c40b3c3b3dd8aee150d.js?body=1" for ::1 at 2016-02-27 20:01:18 -0800
Started GET "/assets/components/product.self-406a8dc7b5d93fbbe6066bfacace9f3847c496f5ffe7eb91b14d7402563d87ea.js?body=1" for ::1 at 2016-02-27 20:01:18 -0800
Started GET "/assets/components.self-e3b0c44298fc1c149afbf4c8996fb92427ae41e4649b934ca495991b7852b855.js?body=1" for ::1 at 2016-02-27 20:01:18 -0800
Started GET "/assets/action_cable.self-2231fa0726679abb8d086b191624b8ed235eb844eda2cc9471fa0b6cb4c56a09.js?body=1" for ::1 at 2016-02-27 20:01:18 -0800
Started GET "/assets/cable.self-877aef30ae1b040ab8a3aba4e3e309a11d7f2612f44dde450b5c157aa5f95c05.js?body=1" for ::1 at 2016-02-27 20:01:18 -0800
Started GET "/assets/product.self-877aef30ae1b040ab8a3aba4e3e309a11d7f2612f44dde450b5c157aa5f95c05.js?body=1" for ::1 at 2016-02-27 20:01:18 -0800
Started GET "/assets/application.self-9a948507fdee7a653be1d0bf6f1f0f473e58cc56b1fc4ffe2a95d6474014a869.js?body=1" for ::1 at 2016-02-27 20:01:18 -0800
Started GET "/product" for ::1 at 2016-02-27 20:02:54 -0800
  [1m[36mActiveRecord::SchemaMigration Load (0.1ms)[0m  [1m[34mSELECT "schema_migrations".* FROM "schema_migrations"[0m
Processing by ProductController#index as HTML
  Rendered product/index.html.erb within layouts/application (3.2ms)
Completed 200 OK in 437ms (Views: 428.0ms | ActiveRecord: 0.0ms)


Started GET "/assets/product.self-e3b0c44298fc1c149afbf4c8996fb92427ae41e4649b934ca495991b7852b855.css?body=1" for ::1 at 2016-02-27 20:02:55 -0800
Started GET "/assets/application.self-af04b226fd7202dfc532ce7aedb95a0128277937e90d3b3a3d35e1cce9e16886.css?body=1" for ::1 at 2016-02-27 20:02:55 -0800
Started GET "/assets/jquery_ujs.self-d602bdfe68ffc63b9f9cc512872aa3cfff046228a0a36e90dd476e8ef54c1b09.js?body=1" for ::1 at 2016-02-27 20:02:55 -0800
Started GET "/assets/development/react.self-fede65fd9a4acabec5ef1256b80983a6e6e8a68dec5eca279f6923ca213f7228.js?body=1" for ::1 at 2016-02-27 20:02:55 -0800
Started GET "/assets/react_ujs.self-06684ab54101bce1b455802d71af1f7157c37b116c4b0c40b3c3b3dd8aee150d.js?body=1" for ::1 at 2016-02-27 20:02:55 -0800
Started GET "/assets/action_cable.self-2231fa0726679abb8d086b191624b8ed235eb844eda2cc9471fa0b6cb4c56a09.js?body=1" for ::1 at 2016-02-27 20:02:55 -0800
Started GET "/assets/components.self-e3b0c44298fc1c149afbf4c8996fb92427ae41e4649b934ca495991b7852b855.js?body=1" for ::1 at 2016-02-27 20:02:55 -0800
Started GET "/assets/jquery.self-c64a74367bda6ef8b860f19e74df08927ca99d2be2ac934e9e92d5fd361e0da4.js?body=1" for ::1 at 2016-02-27 20:02:55 -0800
Started GET "/assets/cable.self-877aef30ae1b040ab8a3aba4e3e309a11d7f2612f44dde450b5c157aa5f95c05.js?body=1" for ::1 at 2016-02-27 20:02:55 -0800
Started GET "/assets/product.self-877aef30ae1b040ab8a3aba4e3e309a11d7f2612f44dde450b5c157aa5f95c05.js?body=1" for ::1 at 2016-02-27 20:02:55 -0800
Started GET "/assets/application.self-9a948507fdee7a653be1d0bf6f1f0f473e58cc56b1fc4ffe2a95d6474014a869.js?body=1" for ::1 at 2016-02-27 20:02:55 -0800
Started GET "/assets/components/product.self-406a8dc7b5d93fbbe6066bfacace9f3847c496f5ffe7eb91b14d7402563d87ea.js?body=1" for ::1 at 2016-02-27 20:02:55 -0800
  [1m[36mActiveRecord::SchemaMigration Load (0.2ms)[0m  [1m[34mSELECT "schema_migrations".* FROM "schema_migrations"[0m
  [1m[35m (0.1ms)[0m  [1m[34mSELECT "ar_internal_metadata"."value" FROM "ar_internal_metadata" WHERE "ar_internal_metadata"."key" = ?[0m  [["key", :environment]]
  [1m[36mActiveRecord::SchemaMigration Load (0.0ms)[0m  [1m[34mSELECT "schema_migrations".* FROM "schema_migrations"[0m
  [1m[35m (0.0ms)[0m  [1m[34mSELECT "ar_internal_metadata"."value" FROM "ar_internal_metadata" WHERE "ar_internal_metadata"."key" = ?[0m  [["key", :environment]]
  [1m[36mActiveRecord::SchemaMigration Load (0.0ms)[0m  [1m[34mSELECT "schema_migrations".* FROM "schema_migrations"[0m
  [1m[35m (0.0ms)[0m  [1m[34mSELECT "ar_internal_metadata"."value" FROM "ar_internal_metadata" WHERE "ar_internal_metadata"."key" = ?[0m  [["key", :environment]]
DEPRECATION WARNING: Passing #original_exception is deprecated and has no effect. Exceptions will automatically capture the original exception. (called from load at /Users/Joey/.rvm/gems/ruby-2.3.0@rails5.0/bin/rake:23)
  [1m[35m (1.0ms)[0m  [1m[35mCREATE TABLE "schema_migrations" ("version" varchar PRIMARY KEY) [0m
  [1m[35m (0.9ms)[0m  [1m[35mCREATE TABLE "ar_internal_metadata" ("key" varchar PRIMARY KEY, "value" varchar, "created_at" datetime NOT NULL, "updated_at" datetime NOT NULL) [0m
  [1m[36mActiveRecord::SchemaMigration Load (0.1ms)[0m  [1m[34mSELECT "schema_migrations".* FROM "schema_migrations"[0m
Migrating to CreateProducts (20160227204005)
  [1m[35m (0.1ms)[0m  [1m[36mbegin transaction[0m
  [1m[35m (0.4ms)[0m  [1m[35mCREATE TABLE "products" ("id" INTEGER PRIMARY KEY AUTOINCREMENT NOT NULL, "name" varchar, "photo_url" varchar, "description" varchar, "price" float, "in_stock" integer, "skew" varchar, "created_at" datetime NOT NULL, "updated_at" datetime NOT NULL) [0m
  [1m[35mSQL (0.2ms)[0m  [1m[32mINSERT INTO "schema_migrations" ("version") VALUES (?)[0m  [["version", "20160227204005"]]
  [1m[35m (0.8ms)[0m  [1m[36mcommit transaction[0m
  [1m[36mActiveRecord::InternalMetadata Load (0.1ms)[0m  [1m[34mSELECT  "ar_internal_metadata".* FROM "ar_internal_metadata" ORDER BY "ar_internal_metadata"."key" ASC LIMIT ?[0m  [["LIMIT", 1]]
  [1m[35m (0.1ms)[0m  [1m[36mbegin transaction[0m
  [1m[35mSQL (0.4ms)[0m  [1m[32mINSERT INTO "ar_internal_metadata" ("key", "value", "created_at", "updated_at") VALUES (?, ?, ?, ?)[0m  [["key", "environment"], ["value", "development"], ["created_at", 2016-02-28 04:14:43 UTC], ["updated_at", 2016-02-28 04:14:43 UTC]]
  [1m[35m (0.8ms)[0m  [1m[36mcommit transaction[0m
  [1m[36mActiveRecord::SchemaMigration Load (0.1ms)[0m  [1m[34mSELECT "schema_migrations".* FROM "schema_migrations"[0m
